<?xml version="1.0" encoding="UTF-8"?>
<testsuite name="com.example.cashcard.CashCardJsonTest" tests="2" skipped="0" failures="0" errors="0" timestamp="2024-06-15T14:20:45" hostname="Hoas-Mac-mini.local" time="0.012">
  <properties/>
  <testcase name="cashCardSerializationTest()" classname="com.example.cashcard.CashCardJsonTest" time="0.008"/>
  <testcase name="cashCardDeserializationTest()" classname="com.example.cashcard.CashCardJsonTest" time="0.003"/>
  <system-out><![CDATA[2024-06-15T22:20:45.787+08:00  INFO 70288 --- [cashcard] [    Test worker] t.c.s.AnnotationConfigContextLoaderUtils : Could not detect default configuration classes for test class [com.example.cashcard.CashCardJsonTest]: CashCardJsonTest does not declare any static, non-private, non-final, nested classes annotated with @Configuration.
2024-06-15T22:20:45.791+08:00  INFO 70288 --- [cashcard] [    Test worker] .b.t.c.SpringBootTestContextBootstrapper : Found @SpringBootConfiguration com.example.cashcard.CashcardApplication for test class com.example.cashcard.CashCardJsonTest
  .   ____          _            __ _ _
 /\\ / ___'_ __ _ _(_)_ __  __ _ \ \ \ \
( ( )\___ | '_ | '_| | '_ \/ _` | \ \ \ \
 \\/  ___)| |_)| | | | | || (_| |  ) ) ) )
  '  |____| .__|_| |_|_| |_\__, | / / / /
 =========|_|==============|___/=/_/_/_/

 :: Spring Boot ::                (v3.3.0)

2024-06-15T22:20:45.801+08:00  INFO 70288 --- [cashcard] [    Test worker] com.example.cashcard.CashCardJsonTest    : Starting CashCardJsonTest using Java 17.0.10 with PID 70288 (started by caohoa in /Users/caohoa/Programming/spring_boot/workplaces/cashcard)
2024-06-15T22:20:45.801+08:00  INFO 70288 --- [cashcard] [    Test worker] com.example.cashcard.CashCardJsonTest    : No active profile set, falling back to 1 default profile: "default"
2024-06-15T22:20:45.836+08:00  INFO 70288 --- [cashcard] [    Test worker] com.example.cashcard.CashCardJsonTest    : Started CashCardJsonTest in 0.044 seconds (process running for 1.859)
]]></system-out>
  <system-err><![CDATA[]]></system-err>
</testsuite>
